01/11/2021 10:00:51	This log contains information about the import schema operation into project 'AS_MI_Reporting' on computer 'GB-L-C1VEHGW' by user 'RMonaghan'.
01/11/2021 10:00:52	Import of database schema has started.
01/11/2021 10:01:01	Gathering database credentials
01/11/2021 10:01:01	Gathering database options
01/11/2021 10:01:01	Gathering generic database scoped configuration option
01/11/2021 10:01:01	Gathering users
01/11/2021 10:01:01	Gathering roles
01/11/2021 10:01:01	Gathering application roles
01/11/2021 10:01:01	Gathering role memberships
01/11/2021 10:01:01	Gathering filegroups
01/11/2021 10:01:01	Gathering full-text catalogs
01/11/2021 10:01:01	Gathering assemblies
01/11/2021 10:01:01	Gathering certificates
01/11/2021 10:01:01	Gathering asymmetric keys
01/11/2021 10:01:01	Gathering symmetric keys
01/11/2021 10:01:01	Gathering encrypted symmetric keys
01/11/2021 10:01:01	Gathering schemas
01/11/2021 10:01:01	Gathering XML schema collections
01/11/2021 10:01:01	Gathering user-defined data types
01/11/2021 10:01:01	Gathering user-defined types
01/11/2021 10:01:01	Gathering table types
01/11/2021 10:01:01	Gathering unique keys for table types
01/11/2021 10:01:01	Gathering primary keys for table types
01/11/2021 10:01:01	Gathering indexes for table types
01/11/2021 10:01:01	Gathering check constraints for table types
01/11/2021 10:01:01	Gathering default constraints for table types
01/11/2021 10:01:01	Gathering partition functions
01/11/2021 10:01:01	Gathering partition schemes
01/11/2021 10:01:01	Gathering functions
01/11/2021 10:01:01	Gathering encrypted functions
01/11/2021 10:01:01	Gathering aggregates
01/11/2021 10:01:01	Gathering procedures
01/11/2021 10:01:01	Gathering encrypted procedures
01/11/2021 10:01:01	Gathering tables
01/11/2021 10:01:02	Gathering primary keys
01/11/2021 10:01:02	Gathering unique constraints
01/11/2021 10:01:02	Gathering foreign keys
01/11/2021 10:01:02	Gathering default constraints
01/11/2021 10:01:02	Gathering check constraints
01/11/2021 10:01:02	Gathering views
01/11/2021 10:01:02	Gathering encrypted views
01/11/2021 10:01:02	Gathering indexes
01/11/2021 10:01:02	Gathering statistics
01/11/2021 10:01:02	Gathering full-text index stoplists
01/11/2021 10:01:02	Gathering search property lists
01/11/2021 10:01:02	Gathering search properties
01/11/2021 10:01:02	Gathering full-text indexes
01/11/2021 10:01:02	Gathering column store indexes
01/11/2021 10:01:02	Gathering spatial indexes
01/11/2021 10:01:02	Gathering XML indexes
01/11/2021 10:01:02	Gathering Selective XML indexes
01/11/2021 10:01:02	Gathering encrypted triggers
01/11/2021 10:01:02	Gathering triggers
01/11/2021 10:01:02	Gathering encrypted and clr ddl triggers
01/11/2021 10:01:02	Gathering ddl triggers
01/11/2021 10:01:02	Gathering synonyms
01/11/2021 10:01:09	Gathering defaults
01/11/2021 10:01:09	Gathering data constraint uddt bindings
01/11/2021 10:01:09	Gathering rules
01/11/2021 10:01:09	Gathering data constraint uddt bindings
01/11/2021 10:01:09	Gathering message types
01/11/2021 10:01:09	Gathering queues
01/11/2021 10:01:09	Gathering contracts
01/11/2021 10:01:09	Gathering services
01/11/2021 10:01:09	Gathering event notifications
01/11/2021 10:01:09	Gathering remote service bindings
01/11/2021 10:01:09	Gathering broker priorities
01/11/2021 10:01:09	Gathering signatures
01/11/2021 10:01:09	Gathering data compression options
01/11/2021 10:01:09	Gathering sequence types
01/11/2021 10:01:09	Gathering security policies
01/11/2021 10:01:09	Gather column encryption keys
01/11/2021 10:01:09	Gathering column master keys
01/11/2021 10:01:09	Gathering external data sources
01/11/2021 10:01:09	Gathering external file formats
01/11/2021 10:01:09	Gathering external tables
01/11/2021 10:01:09	Gathering database permissions
01/11/2021 10:01:09	Gathering extended properties
01/11/2021 10:01:15	Scanning project for duplicate elements
01/11/2021 10:01:15	Finished duplicate element processing
01/11/2021 10:01:37	Finished importing database.
01/11/2021 10:01:37	A summary of the import was saved to the following location: C:\repos\PMUK-SQLDB-nosynonyms\AS_MI_Reporting\Import Schema Logs\AS_MI_Reporting_20211101100051.log
01/11/2021 10:01:37	Click Finish to continue...
